<?xml version="1.0" encoding="UTF-8"?>
<testng-results skipped="0" failed="0" ignored="0" total="2" passed="2">
  <reporter-output>
  </reporter-output>
  <suite name="Default suite" duration-ms="2571632" started-at="2021-01-13T11:59:40Z" finished-at="2021-01-13T12:42:31Z">
    <groups>
    </groups>
    <test name="Default test" duration-ms="2571632" started-at="2021-01-13T11:59:40Z" finished-at="2021-01-13T12:42:31Z">
      <class name="com.FantasySpin.test.HowToPlayFrontScreen">
        <test-method status="PASS" signature="setExtent()[pri:0, instance:com.FantasySpin.test.HowToPlayFrontScreen@5d11346a]" name="setExtent" is-config="true" duration-ms="324" started-at="2021-01-13T11:59:39Z" finished-at="2021-01-13T11:59:40Z">
          <reporter-output>
          </reporter-output>
        </test-method> <!-- setExtent -->
        <test-method status="PASS" signature="beforeMethod(java.lang.reflect.Method)[pri:0, instance:com.FantasySpin.test.HowToPlayFrontScreen@5d11346a]" name="beforeMethod" is-config="true" duration-ms="6" started-at="2021-01-13T11:59:40Z" finished-at="2021-01-13T11:59:40Z">
          <params>
            <param index="0">
              <value>
                <![CDATA[public void com.FantasySpin.test.HowToPlayFrontScreen.LaunchApp() throws java.lang.Exception]]>
              </value>
            </param>
          </params>
          <reporter-output>
          </reporter-output>
        </test-method> <!-- beforeMethod -->
        <test-method status="PASS" signature="LaunchApp()[pri:0, instance:com.FantasySpin.test.HowToPlayFrontScreen@5d11346a]" name="LaunchApp" duration-ms="123367" started-at="2021-01-13T11:59:40Z" finished-at="2021-01-13T12:01:43Z">
          <reporter-output>
          </reporter-output>
        </test-method> <!-- LaunchApp -->
        <test-method status="PASS" signature="tearDown(org.testng.ITestResult)[pri:0, instance:com.FantasySpin.test.HowToPlayFrontScreen@5d11346a]" name="tearDown" is-config="true" duration-ms="550" started-at="2021-01-13T12:01:43Z" finished-at="2021-01-13T12:01:44Z">
          <params>
            <param index="0">
              <value>
                <![CDATA[[TestResult name=LaunchApp status=SUCCESS method=HowToPlayFrontScreen.LaunchApp()[pri:0, instance:com.FantasySpin.test.HowToPlayFrontScreen@5d11346a] output={null}]]]>
              </value>
            </param>
          </params>
          <reporter-output>
          </reporter-output>
        </test-method> <!-- tearDown -->
        <test-method status="PASS" signature="beforeMethod(java.lang.reflect.Method)[pri:0, instance:com.FantasySpin.test.HowToPlayFrontScreen@5d11346a]" name="beforeMethod" is-config="true" duration-ms="0" started-at="2021-01-13T12:01:44Z" finished-at="2021-01-13T12:01:44Z">
          <params>
            <param index="0">
              <value>
                <![CDATA[public void com.FantasySpin.test.HowToPlayFrontScreen.HowToPlay() throws java.lang.Exception]]>
              </value>
            </param>
          </params>
          <reporter-output>
          </reporter-output>
        </test-method> <!-- beforeMethod -->
        <test-method status="PASS" signature="HowToPlay()[pri:1, instance:com.FantasySpin.test.HowToPlayFrontScreen@5d11346a]" name="HowToPlay" duration-ms="2447627" started-at="2021-01-13T12:01:44Z" finished-at="2021-01-13T12:42:31Z">
          <reporter-output>
          </reporter-output>
        </test-method> <!-- HowToPlay -->
        <test-method status="FAIL" signature="tearDown(org.testng.ITestResult)[pri:0, instance:com.FantasySpin.test.HowToPlayFrontScreen@5d11346a]" name="tearDown" is-config="true" duration-ms="14" started-at="2021-01-13T12:42:31Z" finished-at="2021-01-13T12:42:31Z">
          <params>
            <param index="0">
              <value>
                <![CDATA[[TestResult name=HowToPlay status=SUCCESS method=HowToPlayFrontScreen.HowToPlay()[pri:1, instance:com.FantasySpin.test.HowToPlayFrontScreen@5d11346a] output={null}]]]>
              </value>
            </param>
          </params>
          <exception class="org.openqa.selenium.NoSuchSessionException">
            <message>
              <![CDATA[A session is either terminated or not started
Build info: version: '3.14.0', revision: 'aacccce0', time: '2018-08-02T20:19:58.91Z'
System info: host: 'Dharuns-MacBook-Pro.local', ip: '127.0.0.1', os.name: 'Mac OS X', os.arch: 'x86_64', os.version: '10.15.7', java.version: '1.8.0_261'
Driver info: io.appium.java_client.ios.IOSDriver
Capabilities {browserName: , bundleId: com.footballnation.fantasys..., databaseEnabled: false, deviceName: iPhone 11, javascriptEnabled: true, locationContextEnabled: false, networkConnectionEnabled: false, platform: MAC, platformName: iOS, platformVersion: 13.7, takesScreenshot: true, udid: 780DC199-524D-42ED-AFC7-9FD..., webStorageEnabled: false}
Session ID: ebba3d79-8ed4-42e0-8b4f-917e50f84710]]>
            </message>
            <full-stacktrace>
              <![CDATA[org.openqa.selenium.NoSuchSessionException: A session is either terminated or not started
Build info: version: '3.14.0', revision: 'aacccce0', time: '2018-08-02T20:19:58.91Z'
System info: host: 'Dharuns-MacBook-Pro.local', ip: '127.0.0.1', os.name: 'Mac OS X', os.arch: 'x86_64', os.version: '10.15.7', java.version: '1.8.0_261'
Driver info: io.appium.java_client.ios.IOSDriver
Capabilities {browserName: , bundleId: com.footballnation.fantasys..., databaseEnabled: false, deviceName: iPhone 11, javascriptEnabled: true, locationContextEnabled: false, networkConnectionEnabled: false, platform: MAC, platformName: iOS, platformVersion: 13.7, takesScreenshot: true, udid: 780DC199-524D-42ED-AFC7-9FD..., webStorageEnabled: false}
Session ID: ebba3d79-8ed4-42e0-8b4f-917e50f84710
at sun.reflect.NativeConstructorAccessorImpl.newInstance0(Native Method)
at sun.reflect.NativeConstructorAccessorImpl.newInstance(NativeConstructorAccessorImpl.java:62)
at sun.reflect.DelegatingConstructorAccessorImpl.newInstance(DelegatingConstructorAccessorImpl.java:45)
at java.lang.reflect.Constructor.newInstance(Constructor.java:423)
at org.openqa.selenium.remote.http.W3CHttpResponseCodec.createException(W3CHttpResponseCodec.java:187)
at org.openqa.selenium.remote.http.W3CHttpResponseCodec.decode(W3CHttpResponseCodec.java:122)
at org.openqa.selenium.remote.http.W3CHttpResponseCodec.decode(W3CHttpResponseCodec.java:49)
at org.openqa.selenium.remote.HttpCommandExecutor.execute(HttpCommandExecutor.java:158)
at io.appium.java_client.remote.AppiumCommandExecutor.execute(AppiumCommandExecutor.java:239)
at org.openqa.selenium.remote.RemoteWebDriver.execute(RemoteWebDriver.java:548)
at io.appium.java_client.DefaultGenericMobileDriver.execute(DefaultGenericMobileDriver.java:46)
at io.appium.java_client.AppiumDriver.execute(AppiumDriver.java:1)
at io.appium.java_client.ios.IOSDriver.execute(IOSDriver.java:1)
at org.openqa.selenium.remote.RemoteWebDriver.getScreenshotAs(RemoteWebDriver.java:294)
at com.FantasySpin.report.ExtentReport.getScreenshot(ExtentReport.java:193)
at com.FantasySpin.report.Base.tearDown(Base.java:60)
at sun.reflect.NativeMethodAccessorImpl.invoke0(Native Method)
at sun.reflect.NativeMethodAccessorImpl.invoke(NativeMethodAccessorImpl.java:62)
at sun.reflect.DelegatingMethodAccessorImpl.invoke(DelegatingMethodAccessorImpl.java:43)
at java.lang.reflect.Method.invoke(Method.java:498)
at org.testng.internal.MethodInvocationHelper.invokeMethod(MethodInvocationHelper.java:124)
at org.testng.internal.MethodInvocationHelper.invokeMethodConsideringTimeout(MethodInvocationHelper.java:59)
at org.testng.internal.Invoker.invokeConfigurationMethod(Invoker.java:458)
at org.testng.internal.Invoker.invokeConfigurations(Invoker.java:222)
at org.testng.internal.Invoker.invokeMethod(Invoker.java:646)
at org.testng.internal.Invoker.invokeTestMethod(Invoker.java:719)
at org.testng.internal.Invoker.invokeTestMethods(Invoker.java:989)
at org.testng.internal.TestMethodWorker.invokeTestMethods(TestMethodWorker.java:125)
at org.testng.internal.TestMethodWorker.run(TestMethodWorker.java:109)
at org.testng.TestRunner.privateRun(TestRunner.java:648)
at org.testng.TestRunner.run(TestRunner.java:505)
at org.testng.SuiteRunner.runTest(SuiteRunner.java:455)
at org.testng.SuiteRunner.runSequentially(SuiteRunner.java:450)
at org.testng.SuiteRunner.privateRun(SuiteRunner.java:415)
at org.testng.SuiteRunner.run(SuiteRunner.java:364)
at org.testng.SuiteRunnerWorker.runSuite(SuiteRunnerWorker.java:52)
at org.testng.SuiteRunnerWorker.run(SuiteRunnerWorker.java:84)
at org.testng.TestNG.runSuitesSequentially(TestNG.java:1208)
at org.testng.TestNG.runSuitesLocally(TestNG.java:1137)
at org.testng.TestNG.runSuites(TestNG.java:1049)
at org.testng.TestNG.run(TestNG.java:1017)
at org.testng.remote.AbstractRemoteTestNG.run(AbstractRemoteTestNG.java:115)
at org.testng.remote.RemoteTestNG.initAndRun(RemoteTestNG.java:251)
at org.testng.remote.RemoteTestNG.main(RemoteTestNG.java:77)
]]>
            </full-stacktrace>
          </exception> <!-- org.openqa.selenium.NoSuchSessionException -->
          <reporter-output>
          </reporter-output>
        </test-method> <!-- tearDown -->
        <test-method status="FAIL" signature="teardown()[pri:0, instance:com.FantasySpin.test.HowToPlayFrontScreen@5d11346a]" name="teardown" is-config="true" duration-ms="23" started-at="2021-01-13T12:42:31Z" finished-at="2021-01-13T12:42:31Z">
          <exception class="org.openqa.selenium.NoSuchSessionException">
            <message>
              <![CDATA[A session is either terminated or not started
Build info: version: '3.14.0', revision: 'aacccce0', time: '2018-08-02T20:19:58.91Z'
System info: host: 'Dharuns-MacBook-Pro.local', ip: '127.0.0.1', os.name: 'Mac OS X', os.arch: 'x86_64', os.version: '10.15.7', java.version: '1.8.0_261'
Driver info: io.appium.java_client.ios.IOSDriver
Capabilities {browserName: , bundleId: com.footballnation.fantasys..., databaseEnabled: false, deviceName: iPhone 11, javascriptEnabled: true, locationContextEnabled: false, networkConnectionEnabled: false, platform: MAC, platformName: iOS, platformVersion: 13.7, takesScreenshot: true, udid: 780DC199-524D-42ED-AFC7-9FD..., webStorageEnabled: false}
Session ID: ebba3d79-8ed4-42e0-8b4f-917e50f84710]]>
            </message>
            <full-stacktrace>
              <![CDATA[org.openqa.selenium.NoSuchSessionException: A session is either terminated or not started
Build info: version: '3.14.0', revision: 'aacccce0', time: '2018-08-02T20:19:58.91Z'
System info: host: 'Dharuns-MacBook-Pro.local', ip: '127.0.0.1', os.name: 'Mac OS X', os.arch: 'x86_64', os.version: '10.15.7', java.version: '1.8.0_261'
Driver info: io.appium.java_client.ios.IOSDriver
Capabilities {browserName: , bundleId: com.footballnation.fantasys..., databaseEnabled: false, deviceName: iPhone 11, javascriptEnabled: true, locationContextEnabled: false, networkConnectionEnabled: false, platform: MAC, platformName: iOS, platformVersion: 13.7, takesScreenshot: true, udid: 780DC199-524D-42ED-AFC7-9FD..., webStorageEnabled: false}
Session ID: ebba3d79-8ed4-42e0-8b4f-917e50f84710
at sun.reflect.NativeConstructorAccessorImpl.newInstance0(Native Method)
at sun.reflect.NativeConstructorAccessorImpl.newInstance(NativeConstructorAccessorImpl.java:62)
at sun.reflect.DelegatingConstructorAccessorImpl.newInstance(DelegatingConstructorAccessorImpl.java:45)
at java.lang.reflect.Constructor.newInstance(Constructor.java:423)
at org.openqa.selenium.remote.http.W3CHttpResponseCodec.createException(W3CHttpResponseCodec.java:187)
at org.openqa.selenium.remote.http.W3CHttpResponseCodec.decode(W3CHttpResponseCodec.java:122)
at org.openqa.selenium.remote.http.W3CHttpResponseCodec.decode(W3CHttpResponseCodec.java:49)
at org.openqa.selenium.remote.HttpCommandExecutor.execute(HttpCommandExecutor.java:158)
at io.appium.java_client.remote.AppiumCommandExecutor.execute(AppiumCommandExecutor.java:239)
at org.openqa.selenium.remote.RemoteWebDriver.execute(RemoteWebDriver.java:548)
at io.appium.java_client.DefaultGenericMobileDriver.execute(DefaultGenericMobileDriver.java:46)
at io.appium.java_client.AppiumDriver.execute(AppiumDriver.java:1)
at io.appium.java_client.ios.IOSDriver.execute(IOSDriver.java:1)
at io.appium.java_client.InteractsWithApps.closeApp(InteractsWithApps.java:139)
at com.FantasySpin.report.ExtentReport.teardown(ExtentReport.java:145)
at sun.reflect.NativeMethodAccessorImpl.invoke0(Native Method)
at sun.reflect.NativeMethodAccessorImpl.invoke(NativeMethodAccessorImpl.java:62)
at sun.reflect.DelegatingMethodAccessorImpl.invoke(DelegatingMethodAccessorImpl.java:43)
at java.lang.reflect.Method.invoke(Method.java:498)
at org.testng.internal.MethodInvocationHelper.invokeMethod(MethodInvocationHelper.java:124)
at org.testng.internal.MethodInvocationHelper.invokeMethodConsideringTimeout(MethodInvocationHelper.java:59)
at org.testng.internal.Invoker.invokeConfigurationMethod(Invoker.java:458)
at org.testng.internal.Invoker.invokeConfigurations(Invoker.java:222)
at org.testng.internal.Invoker.invokeConfigurations(Invoker.java:142)
at org.testng.TestRunner.afterRun(TestRunner.java:725)
at org.testng.TestRunner.run(TestRunner.java:509)
at org.testng.SuiteRunner.runTest(SuiteRunner.java:455)
at org.testng.SuiteRunner.runSequentially(SuiteRunner.java:450)
at org.testng.SuiteRunner.privateRun(SuiteRunner.java:415)
at org.testng.SuiteRunner.run(SuiteRunner.java:364)
at org.testng.SuiteRunnerWorker.runSuite(SuiteRunnerWorker.java:52)
at org.testng.SuiteRunnerWorker.run(SuiteRunnerWorker.java:84)
at org.testng.TestNG.runSuitesSequentially(TestNG.java:1208)
at org.testng.TestNG.runSuitesLocally(TestNG.java:1137)
at org.testng.TestNG.runSuites(TestNG.java:1049)
at org.testng.TestNG.run(TestNG.java:1017)
at org.testng.remote.AbstractRemoteTestNG.run(AbstractRemoteTestNG.java:115)
at org.testng.remote.RemoteTestNG.initAndRun(RemoteTestNG.java:251)
at org.testng.remote.RemoteTestNG.main(RemoteTestNG.java:77)
]]>
            </full-stacktrace>
          </exception> <!-- org.openqa.selenium.NoSuchSessionException -->
          <reporter-output>
          </reporter-output>
        </test-method> <!-- teardown -->
        <test-method status="SKIP" signature="endReport()[pri:0, instance:com.FantasySpin.test.HowToPlayFrontScreen@5d11346a]" name="endReport" is-config="true" duration-ms="0" started-at="2021-01-13T12:42:31Z" finished-at="2021-01-13T12:42:31Z">
          <reporter-output>
          </reporter-output>
        </test-method> <!-- endReport -->
      </class> <!-- com.FantasySpin.test.HowToPlayFrontScreen -->
    </test> <!-- Default test -->
  </suite> <!-- Default suite -->
</testng-results>
